==646== Memcheck, a memory error detector
==646== Copyright (C) 2002-2017, and GNU GPL'd, by Julian Seward et al.
==646== Using Valgrind-3.18.1 and LibVEX; rerun with -h for copyright info
==646== Command: ./a.out ../foo
==646== Parent PID: 8
==646== 
==646== error calling PR_SET_PTRACER, vgdb might block
==646== Invalid read of size 1
==646==    at 0x109393: map_info (in /mnt/c/Programmation/BSQ/ex00/srcs/a.out)
==646==    by 0x1092C4: main (in /mnt/c/Programmation/BSQ/ex00/srcs/a.out)
==646==  Address 0x4a8c03f is 1 bytes before a block of size 1,000 alloc'd
==646==    at 0x4848899: malloc (in /usr/libexec/valgrind/vgpreload_memcheck-amd64-linux.so)
==646==    by 0x109202: get_map (in /mnt/c/Programmation/BSQ/ex00/srcs/a.out)
==646==    by 0x1092B4: main (in /mnt/c/Programmation/BSQ/ex00/srcs/a.out)
==646== 
==646== Use of uninitialised value of size 8
==646==    at 0x1093B9: map_info (in /mnt/c/Programmation/BSQ/ex00/srcs/a.out)
==646==    by 0x1092C4: main (in /mnt/c/Programmation/BSQ/ex00/srcs/a.out)
==646== 
==646== Use of uninitialised value of size 8
==646==    at 0x1093E4: map_info (in /mnt/c/Programmation/BSQ/ex00/srcs/a.out)
==646==    by 0x1092C4: main (in /mnt/c/Programmation/BSQ/ex00/srcs/a.out)
==646== 
==646== Use of uninitialised value of size 8
==646==    at 0x109358: ft_putstr (in /mnt/c/Programmation/BSQ/ex00/srcs/a.out)
==646==    by 0x1092CC: main (in /mnt/c/Programmation/BSQ/ex00/srcs/a.out)
==646== 
==646== Use of uninitialised value of size 8
==646==    at 0x10933A: ft_putstr (in /mnt/c/Programmation/BSQ/ex00/srcs/a.out)
==646==    by 0x1092CC: main (in /mnt/c/Programmation/BSQ/ex00/srcs/a.out)
==646== 
==646== 
==646== HEAP SUMMARY:
==646==     in use at exit: 0 bytes in 0 blocks
==646==   total heap usage: 1 allocs, 1 frees, 1,000 bytes allocated
==646== 
==646== All heap blocks were freed -- no leaks are possible
==646== 
==646== Use --track-origins=yes to see where uninitialised values come from
==646== For lists of detected and suppressed errors, rerun with: -s
==646== ERROR SUMMARY: 633 errors from 5 contexts (suppressed: 0 from 0)
